{"/Users/shawn.mealey/Projects/dungeon_delvers/client/src/content/monsters.ts": {"path":"/Users/shawn.mealey/Projects/dungeon_delvers/client/src/content/monsters.ts","statementMap":{"0":{"start":{"line":1,"column":0},"end":{"line":1,"column":null}},"1":{"start":{"line":2,"column":2},"end":{"line":2,"column":null}},"2":{"start":{"line":3,"column":2},"end":{"line":3,"column":null}},"3":{"start":{"line":4,"column":2},"end":{"line":4,"column":null}},"4":{"start":{"line":5,"column":2},"end":{"line":5,"column":null}},"5":{"start":{"line":6,"column":2},"end":{"line":6,"column":null}},"6":{"start":{"line":7,"column":2},"end":{"line":7,"column":null}},"7":{"start":{"line":8,"column":2},"end":{"line":8,"column":null}},"8":{"start":{"line":9,"column":2},"end":{"line":9,"column":null}},"9":{"start":{"line":10,"column":2},"end":{"line":10,"column":null}},"10":{"start":{"line":11,"column":2},"end":{"line":11,"column":null}},"11":{"start":{"line":12,"column":2},"end":{"line":12,"column":null}},"12":{"start":{"line":13,"column":2},"end":{"line":13,"column":null}},"13":{"start":{"line":14,"column":2},"end":{"line":14,"column":null}}},"fnMap":{"0":{"name":"(anonymous_0)","decl":{"start":{"line":1,"column":0},"end":{"line":1,"column":12}},"loc":{"start":{"line":1,"column":23},"end":{"line":15,"column":1}}}},"branchMap":{"0":{"loc":{"start":{"line":1,"column":12},"end":{"line":1,"column":null}},"type":"binary-expr","locations":[{"start":{"line":1,"column":12},"end":{"line":1,"column":23}},{"start":{"line":1,"column":23},"end":{"line":1,"column":null}}]}},"s":{"0":1,"1":1,"2":1,"3":1,"4":1,"5":1,"6":1,"7":1,"8":1,"9":1,"10":1,"11":1,"12":1,"13":1},"f":{"0":1},"b":{"0":[1,1]}}
,"/Users/shawn.mealey/Projects/dungeon_delvers/client/src/engine/core/actor.ts": {"path":"/Users/shawn.mealey/Projects/dungeon_delvers/client/src/engine/core/actor.ts","statementMap":{"0":{"start":{"line":1,"column":0},"end":{"line":1,"column":52}},"1":{"start":{"line":4,"column":21},"end":{"line":4,"column":25}},"2":{"start":{"line":5,"column":25},"end":{"line":5,"column":29}},"3":{"start":{"line":6,"column":27},"end":{"line":6,"column":31}},"4":{"start":{"line":7,"column":26},"end":{"line":7,"column":30}},"5":{"start":{"line":8,"column":19},"end":{"line":8,"column":23}},"6":{"start":{"line":9,"column":23},"end":{"line":9,"column":27}},"7":{"start":{"line":10,"column":21},"end":{"line":10,"column":25}},"8":{"start":{"line":11,"column":22},"end":{"line":11,"column":26}},"9":{"start":{"line":12,"column":20},"end":{"line":12,"column":24}},"10":{"start":{"line":13,"column":19},"end":{"line":13,"column":23}},"11":{"start":{"line":14,"column":19},"end":{"line":14,"column":23}},"12":{"start":{"line":15,"column":22},"end":{"line":15,"column":26}},"13":{"start":{"line":17,"column":0},"end":{"line":17,"column":null}},"14":{"start":{"line":18,"column":2},"end":{"line":18,"column":null}},"15":{"start":{"line":19,"column":2},"end":{"line":19,"column":null}},"16":{"start":{"line":20,"column":2},"end":{"line":20,"column":null}},"17":{"start":{"line":21,"column":2},"end":{"line":21,"column":null}},"18":{"start":{"line":187,"column":2},"end":{"line":200,"column":null}},"19":{"start":{"line":189,"column":6},"end":{"line":190,"column":65}},"20":{"start":{"line":191,"column":4},"end":{"line":199,"column":5}},"21":{"start":{"line":192,"column":6},"end":{"line":192,"column":null}},"22":{"start":{"line":193,"column":11},"end":{"line":199,"column":5}},"23":{"start":{"line":194,"column":6},"end":{"line":194,"column":null}},"24":{"start":{"line":195,"column":11},"end":{"line":199,"column":5}},"25":{"start":{"line":196,"column":6},"end":{"line":196,"column":null}},"26":{"start":{"line":198,"column":6},"end":{"line":198,"column":null}},"27":{"start":{"line":202,"column":2},"end":{"line":224,"column":null}},"28":{"start":{"line":208,"column":25},"end":{"line":208,"column":67}},"29":{"start":{"line":209,"column":19},"end":{"line":212,"column":null}},"30":{"start":{"line":210,"column":6},"end":{"line":212,"column":null}},"31":{"start":{"line":214,"column":4},"end":{"line":223,"column":5}},"32":{"start":{"line":216,"column":8},"end":{"line":216,"column":null}},"33":{"start":{"line":218,"column":8},"end":{"line":218,"column":null}},"34":{"start":{"line":220,"column":8},"end":{"line":220,"column":null}},"35":{"start":{"line":222,"column":8},"end":{"line":222,"column":null}},"36":{"start":{"line":70,"column":4},"end":{"line":70,"column":null}},"37":{"start":{"line":71,"column":4},"end":{"line":71,"column":null}},"38":{"start":{"line":72,"column":4},"end":{"line":102,"column":null}},"39":{"start":{"line":103,"column":4},"end":{"line":137,"column":null}},"40":{"start":{"line":138,"column":4},"end":{"line":150,"column":null}},"41":{"start":{"line":152,"column":4},"end":{"line":152,"column":null}},"42":{"start":{"line":155,"column":4},"end":{"line":155,"column":null}},"43":{"start":{"line":158,"column":4},"end":{"line":161,"column":null}},"44":{"start":{"line":165,"column":4},"end":{"line":165,"column":null}},"45":{"start":{"line":168,"column":4},"end":{"line":168,"column":null}},"46":{"start":{"line":172,"column":4},"end":{"line":172,"column":null}},"47":{"start":{"line":176,"column":4},"end":{"line":176,"column":null}},"48":{"start":{"line":180,"column":4},"end":{"line":180,"column":null}},"49":{"start":{"line":184,"column":4},"end":{"line":184,"column":null}},"50":{"start":{"line":36,"column":0},"end":{"line":36,"column":13}}},"fnMap":{"0":{"name":"(anonymous_0)","decl":{"start":{"line":17,"column":0},"end":{"line":17,"column":12}},"loc":{"start":{"line":17,"column":25},"end":{"line":22,"column":1}}},"1":{"name":"(anonymous_1)","decl":{"start":{"line":64,"column":2},"end":{"line":64,"column":null}},"loc":{"start":{"line":68,"column":21},"end":{"line":153,"column":3}}},"2":{"name":"(anonymous_2)","decl":{"start":{"line":187,"column":21},"end":{"line":187,"column":22}},"loc":{"start":{"line":187,"column":72},"end":{"line":200,"column":3}}},"3":{"name":"(anonymous_3)","decl":{"start":{"line":202,"column":20},"end":{"line":202,"column":null}},"loc":{"start":{"line":207,"column":6},"end":{"line":224,"column":3}}},"4":{"name":"(anonymous_4)","decl":{"start":{"line":209,"column":19},"end":{"line":209,"column":22}},"loc":{"start":{"line":210,"column":6},"end":{"line":212,"column":null}}},"5":{"name":"(anonymous_5)","decl":{"start":{"line":154,"column":2},"end":{"line":154,"column":15}},"loc":{"start":{"line":154,"column":47},"end":{"line":156,"column":3}}},"6":{"name":"(anonymous_6)","decl":{"start":{"line":157,"column":2},"end":{"line":157,"column":6}},"loc":{"start":{"line":157,"column":11},"end":{"line":163,"column":3}}},"7":{"name":"(anonymous_7)","decl":{"start":{"line":164,"column":2},"end":{"line":164,"column":6}},"loc":{"start":{"line":164,"column":13},"end":{"line":166,"column":3}}},"8":{"name":"(anonymous_8)","decl":{"start":{"line":167,"column":2},"end":{"line":167,"column":6}},"loc":{"start":{"line":167,"column":12},"end":{"line":169,"column":3}}},"9":{"name":"(anonymous_9)","decl":{"start":{"line":171,"column":2},"end":{"line":171,"column":6}},"loc":{"start":{"line":171,"column":26},"end":{"line":173,"column":3}}},"10":{"name":"(anonymous_10)","decl":{"start":{"line":175,"column":2},"end":{"line":175,"column":6}},"loc":{"start":{"line":175,"column":15},"end":{"line":177,"column":3}}},"11":{"name":"(anonymous_11)","decl":{"start":{"line":179,"column":2},"end":{"line":179,"column":6}},"loc":{"start":{"line":179,"column":29},"end":{"line":181,"column":3}}},"12":{"name":"(anonymous_12)","decl":{"start":{"line":183,"column":2},"end":{"line":183,"column":6}},"loc":{"start":{"line":183,"column":10},"end":{"line":185,"column":3}}}},"branchMap":{"0":{"loc":{"start":{"line":17,"column":12},"end":{"line":17,"column":null}},"type":"binary-expr","locations":[{"start":{"line":17,"column":12},"end":{"line":17,"column":25}},{"start":{"line":17,"column":25},"end":{"line":17,"column":null}}]},"1":{"loc":{"start":{"line":191,"column":4},"end":{"line":199,"column":5}},"type":"if","locations":[{"start":{"line":191,"column":4},"end":{"line":199,"column":5}},{"start":{"line":193,"column":11},"end":{"line":199,"column":5}}]},"2":{"loc":{"start":{"line":193,"column":11},"end":{"line":199,"column":5}},"type":"if","locations":[{"start":{"line":193,"column":11},"end":{"line":199,"column":5}},{"start":{"line":195,"column":11},"end":{"line":199,"column":5}}]},"3":{"loc":{"start":{"line":195,"column":11},"end":{"line":199,"column":5}},"type":"if","locations":[{"start":{"line":195,"column":11},"end":{"line":199,"column":5}},{"start":{"line":197,"column":11},"end":{"line":199,"column":5}}]},"4":{"loc":{"start":{"line":214,"column":4},"end":{"line":223,"column":5}},"type":"switch","locations":[{"start":{"line":215,"column":6},"end":{"line":216,"column":null}},{"start":{"line":217,"column":6},"end":{"line":218,"column":null}},{"start":{"line":219,"column":6},"end":{"line":220,"column":null}},{"start":{"line":221,"column":6},"end":{"line":222,"column":null}}]}},"s":{"0":1,"1":1,"2":1,"3":1,"4":1,"5":1,"6":1,"7":1,"8":1,"9":1,"10":1,"11":1,"12":1,"13":1,"14":1,"15":1,"16":1,"17":1,"18":1,"19":4,"20":4,"21":1,"22":3,"23":1,"24":2,"25":1,"26":1,"27":1,"28":4,"29":4,"30":3,"31":4,"32":1,"33":1,"34":1,"35":1,"36":1,"37":1,"38":1,"39":1,"40":1,"41":1,"42":6,"43":12,"44":0,"45":0,"46":0,"47":0,"48":0,"49":0,"50":1},"f":{"0":1,"1":1,"2":4,"3":4,"4":3,"5":6,"6":12,"7":0,"8":0,"9":0,"10":0,"11":0,"12":0},"b":{"0":[1,1],"1":[1,3],"2":[1,2],"3":[1,1],"4":[1,1,1,1]}}
,"/Users/shawn.mealey/Projects/dungeon_delvers/client/src/engine/core/attribute.ts": {"path":"/Users/shawn.mealey/Projects/dungeon_delvers/client/src/engine/core/attribute.ts","statementMap":{"0":{"start":{"line":1,"column":0},"end":{"line":1,"column":null}},"1":{"start":{"line":2,"column":2},"end":{"line":2,"column":null}},"2":{"start":{"line":3,"column":2},"end":{"line":3,"column":null}},"3":{"start":{"line":4,"column":2},"end":{"line":4,"column":null}},"4":{"start":{"line":5,"column":2},"end":{"line":5,"column":null}},"5":{"start":{"line":6,"column":2},"end":{"line":6,"column":null}},"6":{"start":{"line":7,"column":2},"end":{"line":7,"column":null}},"7":{"start":{"line":10,"column":13},"end":{"line":10,"column":null}},"8":{"start":{"line":11,"column":13},"end":{"line":11,"column":null}},"9":{"start":{"line":16,"column":4},"end":{"line":20,"column":5}},"10":{"start":{"line":17,"column":6},"end":{"line":19,"column":null}},"11":{"start":{"line":21,"column":4},"end":{"line":21,"column":null}},"12":{"start":{"line":24,"column":4},"end":{"line":24,"column":null}},"13":{"start":{"line":27,"column":4},"end":{"line":27,"column":null}},"14":{"start":{"line":30,"column":4},"end":{"line":32,"column":null}},"15":{"start":{"line":35,"column":4},"end":{"line":35,"column":null}},"16":{"start":{"line":41,"column":4},"end":{"line":41,"column":null}},"17":{"start":{"line":39,"column":0},"end":{"line":39,"column":13}},"18":{"start":{"line":47,"column":4},"end":{"line":47,"column":null}},"19":{"start":{"line":45,"column":0},"end":{"line":45,"column":13}},"20":{"start":{"line":53,"column":4},"end":{"line":53,"column":null}},"21":{"start":{"line":51,"column":0},"end":{"line":51,"column":13}},"22":{"start":{"line":59,"column":4},"end":{"line":59,"column":null}},"23":{"start":{"line":57,"column":0},"end":{"line":57,"column":13}},"24":{"start":{"line":65,"column":4},"end":{"line":65,"column":null}},"25":{"start":{"line":63,"column":0},"end":{"line":63,"column":13}},"26":{"start":{"line":71,"column":4},"end":{"line":71,"column":null}},"27":{"start":{"line":69,"column":0},"end":{"line":69,"column":13}},"28":{"start":{"line":85,"column":10},"end":{"line":92,"column":null}},"29":{"start":{"line":101,"column":4},"end":{"line":101,"column":null}},"30":{"start":{"line":102,"column":4},"end":{"line":102,"column":null}},"31":{"start":{"line":103,"column":4},"end":{"line":103,"column":null}},"32":{"start":{"line":104,"column":4},"end":{"line":104,"column":null}},"33":{"start":{"line":105,"column":4},"end":{"line":105,"column":null}},"34":{"start":{"line":106,"column":4},"end":{"line":106,"column":null}},"35":{"start":{"line":117,"column":4},"end":{"line":117,"column":null}},"36":{"start":{"line":118,"column":4},"end":{"line":118,"column":null}},"37":{"start":{"line":119,"column":4},"end":{"line":119,"column":null}},"38":{"start":{"line":120,"column":4},"end":{"line":120,"column":null}},"39":{"start":{"line":121,"column":4},"end":{"line":121,"column":null}},"40":{"start":{"line":122,"column":4},"end":{"line":122,"column":null}},"41":{"start":{"line":126,"column":4},"end":{"line":126,"column":null}},"42":{"start":{"line":130,"column":4},"end":{"line":130,"column":null}},"43":{"start":{"line":134,"column":4},"end":{"line":134,"column":null}},"44":{"start":{"line":84,"column":0},"end":{"line":84,"column":13}}},"fnMap":{"0":{"name":"(anonymous_0)","decl":{"start":{"line":1,"column":0},"end":{"line":1,"column":12}},"loc":{"start":{"line":1,"column":22},"end":{"line":8,"column":1}}},"1":{"name":"(anonymous_1)","decl":{"start":{"line":15,"column":2},"end":{"line":15,"column":14}},"loc":{"start":{"line":15,"column":28},"end":{"line":22,"column":3}}},"2":{"name":"(anonymous_2)","decl":{"start":{"line":23,"column":2},"end":{"line":23,"column":6}},"loc":{"start":{"line":23,"column":11},"end":{"line":25,"column":3}}},"3":{"name":"(anonymous_3)","decl":{"start":{"line":26,"column":2},"end":{"line":26,"column":6}},"loc":{"start":{"line":26,"column":18},"end":{"line":28,"column":3}}},"4":{"name":"(anonymous_4)","decl":{"start":{"line":29,"column":2},"end":{"line":29,"column":23}},"loc":{"start":{"line":29,"column":37},"end":{"line":33,"column":3}}},"5":{"name":"(anonymous_5)","decl":{"start":{"line":34,"column":2},"end":{"line":34,"column":19}},"loc":{"start":{"line":34,"column":36},"end":{"line":36,"column":3}}},"6":{"name":"(anonymous_6)","decl":{"start":{"line":40,"column":2},"end":{"line":40,"column":14}},"loc":{"start":{"line":40,"column":28},"end":{"line":42,"column":3}}},"7":{"name":"(anonymous_7)","decl":{"start":{"line":46,"column":2},"end":{"line":46,"column":14}},"loc":{"start":{"line":46,"column":28},"end":{"line":48,"column":3}}},"8":{"name":"(anonymous_8)","decl":{"start":{"line":52,"column":2},"end":{"line":52,"column":14}},"loc":{"start":{"line":52,"column":28},"end":{"line":54,"column":3}}},"9":{"name":"(anonymous_9)","decl":{"start":{"line":58,"column":2},"end":{"line":58,"column":14}},"loc":{"start":{"line":58,"column":28},"end":{"line":60,"column":3}}},"10":{"name":"(anonymous_10)","decl":{"start":{"line":64,"column":2},"end":{"line":64,"column":14}},"loc":{"start":{"line":64,"column":28},"end":{"line":66,"column":3}}},"11":{"name":"(anonymous_11)","decl":{"start":{"line":70,"column":2},"end":{"line":70,"column":14}},"loc":{"start":{"line":70,"column":28},"end":{"line":72,"column":3}}},"12":{"name":"(anonymous_12)","decl":{"start":{"line":93,"column":2},"end":{"line":93,"column":14}},"loc":{"start":{"line":100,"column":19},"end":{"line":107,"column":3}}},"13":{"name":"(anonymous_13)","decl":{"start":{"line":109,"column":2},"end":{"line":109,"column":15}},"loc":{"start":{"line":116,"column":19},"end":{"line":123,"column":3}}},"14":{"name":"(anonymous_14)","decl":{"start":{"line":125,"column":2},"end":{"line":125,"column":15}},"loc":{"start":{"line":125,"column":15},"end":{"line":127,"column":3}}},"15":{"name":"(anonymous_15)","decl":{"start":{"line":129,"column":2},"end":{"line":129,"column":14}},"loc":{"start":{"line":129,"column":51},"end":{"line":131,"column":3}}},"16":{"name":"(anonymous_16)","decl":{"start":{"line":133,"column":2},"end":{"line":133,"column":14}},"loc":{"start":{"line":133,"column":36},"end":{"line":135,"column":3}}}},"branchMap":{"0":{"loc":{"start":{"line":1,"column":12},"end":{"line":1,"column":null}},"type":"binary-expr","locations":[{"start":{"line":1,"column":12},"end":{"line":1,"column":22}},{"start":{"line":1,"column":22},"end":{"line":1,"column":null}}]},"1":{"loc":{"start":{"line":16,"column":4},"end":{"line":20,"column":5}},"type":"if","locations":[{"start":{"line":16,"column":4},"end":{"line":20,"column":5}}]},"2":{"loc":{"start":{"line":30,"column":11},"end":{"line":32,"column":13}},"type":"cond-expr","locations":[{"start":{"line":31,"column":8},"end":{"line":31,"column":12}},{"start":{"line":32,"column":8},"end":{"line":32,"column":13}}]},"3":{"loc":{"start":{"line":30,"column":11},"end":{"line":30,"column":71}},"type":"binary-expr","locations":[{"start":{"line":30,"column":11},"end":{"line":30,"column":39}},{"start":{"line":30,"column":43},"end":{"line":30,"column":71}}]}},"s":{"0":1,"1":1,"2":1,"3":1,"4":1,"5":1,"6":1,"7":1,"8":1,"9":12,"10":0,"11":12,"12":0,"13":0,"14":12,"15":15,"16":2,"17":1,"18":2,"19":1,"20":2,"21":1,"22":2,"23":1,"24":2,"25":1,"26":2,"27":1,"28":1,"29":1,"30":1,"31":1,"32":1,"33":1,"34":1,"35":0,"36":0,"37":0,"38":0,"39":0,"40":0,"41":0,"42":0,"43":15,"44":1},"f":{"0":1,"1":12,"2":0,"3":0,"4":12,"5":15,"6":2,"7":2,"8":2,"9":2,"10":2,"11":2,"12":1,"13":0,"14":0,"15":0,"16":15},"b":{"0":[1,1],"1":[0],"2":[12,0],"3":[12,12]}}
}
