TN:
SF:engine/character/attributes.ts
FN:1,(anonymous_0)
FNF:1
FNH:1
FNDA:1,(anonymous_0)
DA:1,1
DA:2,1
DA:3,1
DA:4,1
DA:5,1
DA:6,1
DA:7,1
DA:10,1
DA:11,1
LF:9
LH:9
BRDA:1,0,0,1
BRDA:1,0,1,1
BRF:2
BRH:2
end_of_record
TN:
SF:engine/character/character.ts
FN:31,(anonymous_7)
FN:35,(anonymous_8)
FN:42,(anonymous_9)
FN:82,(anonymous_10)
FN:86,(anonymous_11)
FN:204,(anonymous_12)
FN:207,(anonymous_13)
FN:207,(anonymous_14)
FNF:8
FNH:8
FNDA:28,(anonymous_7)
FNDA:24,(anonymous_8)
FNDA:12,(anonymous_9)
FNDA:2,(anonymous_10)
FNDA:2,(anonymous_11)
FNDA:1,(anonymous_12)
FNDA:1,(anonymous_13)
FNDA:1,(anonymous_14)
DA:2,1
DA:3,1
DA:4,1
DA:5,1
DA:6,1
DA:7,1
DA:8,1
DA:13,1
DA:24,1
DA:31,1
DA:32,28
DA:35,1
DA:36,24
DA:37,4
DA:39,20
DA:42,1
DA:43,12
DA:44,2
DA:46,10
DA:47,2
DA:49,8
DA:52,1
DA:82,1
DA:86,2
DA:87,2
DA:95,2
DA:179,2
DA:181,2
DA:196,2
DA:204,1
DA:205,1
DA:207,1
DA:208,1
LF:33
LH:33
BRDA:36,0,0,4
BRDA:43,1,0,2
BRDA:46,2,0,2
BRF:3
BRH:3
end_of_record
TN:
SF:engine/character/stats.ts
FN:1,(anonymous_0)
FNF:1
FNH:1
FNDA:1,(anonymous_0)
DA:1,1
DA:2,1
DA:3,1
DA:4,1
DA:5,1
DA:6,1
DA:7,1
DA:8,1
DA:9,1
DA:10,1
DA:11,1
DA:12,1
DA:13,1
LF:13
LH:13
BRDA:1,0,0,1
BRDA:1,0,1,1
BRF:2
BRH:2
end_of_record
TN:
SF:engine/character/class/class.ts
FN:1,(anonymous_0)
FNF:1
FNH:1
FNDA:1,(anonymous_0)
DA:1,1
DA:2,1
DA:3,1
DA:4,1
DA:5,1
LF:5
LH:5
BRDA:1,0,0,1
BRDA:1,0,1,1
BRF:2
BRH:2
end_of_record
TN:
SF:engine/character/class/fighter.ts
FNF:0
FNH:0
DA:1,1
DA:3,1
DA:12,1
LF:3
LH:3
BRF:0
BRH:0
end_of_record
TN:
SF:engine/character/class/healer.ts
FNF:0
FNH:0
DA:1,1
DA:3,1
LF:2
LH:2
BRF:0
BRH:0
end_of_record
TN:
SF:engine/character/class/mage.ts
FNF:0
FNH:0
DA:1,1
DA:3,1
DA:12,1
LF:3
LH:3
BRF:0
BRH:0
end_of_record
TN:
SF:engine/character/class/scout.ts
FNF:0
FNH:0
DA:1,1
DA:3,1
LF:2
LH:2
BRF:0
BRH:0
end_of_record
